[DEBUG]2024-05-23 14:08:05,317: <re.Match object; span=(1088, 1823), match='typedef enum {\n    ES_NO_EVENT, ES_ERROR, /* use>
[DEBUG]2024-05-23 14:08:05,317: ['ES_NO_EVENT', 'ES_ERROR', 'ES_INIT', 'ES_ENTRY', 'ES_EXIT', 'ES_KEYINPUT', 'ES_LISTEVENTS', 'ES_TIMEOUT', 'ES_TIMERACTIVE', 'ES_TIMERSTOPPED', 'BATTERY_CONNECTED', 'BATTERY_DISCONNECTED', 'NUMBEROFEVENTS', 'TAPE_DETECTED', 'TAPE_NOT_DETECTED']
[DEBUG]2024-05-23 14:08:05,317: 
static const char *EventNames[] = {
	"ES_NO_EVENT",
	"ES_ERROR",
	"ES_INIT",
	"ES_ENTRY",
	"ES_EXIT",
	"ES_KEYINPUT",
	"ES_LISTEVENTS",
	"ES_TIMEOUT",
	"ES_TIMERACTIVE",
	"ES_TIMERSTOPPED",
	"BATTERY_CONNECTED",
	"BATTERY_DISCONNECTED",
	"NUMBEROFEVENTS",
	"TAPE_DETECTED",
	"TAPE_NOT_DETECTED",
};


[DEBUG]2024-05-23 14:08:05,319: None
[DEBUG]2024-05-23 14:08:05,319: None
[DEBUG]2024-05-23 14:08:05,321: None
[DEBUG]2024-05-23 14:08:05,321: None
[DEBUG]2024-05-23 14:08:05,321: None
[DEBUG]2024-05-23 14:08:05,321: None
[DEBUG]2024-05-23 14:08:05,321: None
[DEBUG]2024-05-23 14:08:05,321: None
[DEBUG]2024-05-23 14:08:05,321: None
[DEBUG]2024-05-23 14:08:05,322: None
[DEBUG]2024-05-23 14:08:05,322: None
[DEBUG]2024-05-23 14:08:05,322: None
[DEBUG]2024-05-23 14:08:05,322: None
[DEBUG]2024-05-23 14:08:05,322: None
[DEBUG]2024-05-23 14:08:05,323: None
[DEBUG]2024-05-23 14:08:05,323: None
[DEBUG]2024-05-23 14:08:05,323: None
[DEBUG]2024-05-23 14:08:05,323: None
[DEBUG]2024-05-23 14:08:05,323: None
[DEBUG]2024-05-23 14:08:05,323: None
[DEBUG]2024-05-23 14:08:05,324: None
[DEBUG]2024-05-23 14:08:05,324: None
[DEBUG]2024-05-23 14:08:05,324: None
[DEBUG]2024-05-23 14:08:05,324: None
[DEBUG]2024-05-23 14:08:05,324: None
[DEBUG]2024-05-23 14:08:05,324: None
[DEBUG]2024-05-23 14:08:05,324: None
[DEBUG]2024-05-23 14:08:05,324: None
[DEBUG]2024-05-23 14:08:05,324: None
[DEBUG]2024-05-23 14:08:05,324: None
[DEBUG]2024-05-23 14:08:05,324: None
[DEBUG]2024-05-23 14:08:05,324: None
[DEBUG]2024-05-23 14:08:05,324: None
[DEBUG]2024-05-23 14:08:05,324: None
[DEBUG]2024-05-23 14:08:05,324: None
[DEBUG]2024-05-23 14:08:05,325: None
[DEBUG]2024-05-23 14:08:05,325: None
[DEBUG]2024-05-23 14:08:05,325: None
[DEBUG]2024-05-23 14:08:05,325: None
[DEBUG]2024-05-23 14:08:05,325: None
[DEBUG]2024-05-23 14:08:05,325: None
[DEBUG]2024-05-23 14:08:05,325: None
[DEBUG]2024-05-23 14:08:05,325: None
[DEBUG]2024-05-23 14:08:05,325: None
[DEBUG]2024-05-23 14:08:05,326: None
[DEBUG]2024-05-23 14:08:05,326: None
[DEBUG]2024-05-23 14:08:05,326: None
[DEBUG]2024-05-23 14:08:05,326: None
[DEBUG]2024-05-23 14:08:05,326: None
[DEBUG]2024-05-23 14:08:05,326: None
[DEBUG]2024-05-23 14:08:05,326: None
[DEBUG]2024-05-23 14:08:05,326: None
[DEBUG]2024-05-23 14:08:05,326: None
[DEBUG]2024-05-23 14:08:05,326: None
[DEBUG]2024-05-23 14:08:05,328: None
[DEBUG]2024-05-23 14:08:05,328: None
[DEBUG]2024-05-23 14:08:05,328: None
[DEBUG]2024-05-23 14:08:05,328: None
[DEBUG]2024-05-23 14:08:05,328: None
[DEBUG]2024-05-23 14:08:05,328: None
[DEBUG]2024-05-23 14:08:05,328: None
[DEBUG]2024-05-23 14:08:05,328: None
[DEBUG]2024-05-23 14:08:05,328: None
[DEBUG]2024-05-23 14:08:05,328: None
[DEBUG]2024-05-23 14:08:05,328: None
[DEBUG]2024-05-23 14:08:05,336: None
[DEBUG]2024-05-23 14:08:05,336: None
[DEBUG]2024-05-23 14:08:05,336: None
[DEBUG]2024-05-23 14:08:05,336: None
[DEBUG]2024-05-23 14:08:05,336: None
[DEBUG]2024-05-23 14:08:05,336: None
[DEBUG]2024-05-23 14:08:05,336: None
[DEBUG]2024-05-23 14:08:05,336: None
[DEBUG]2024-05-23 14:08:05,336: None
[DEBUG]2024-05-23 14:08:05,336: None
[DEBUG]2024-05-23 14:08:05,336: None
[DEBUG]2024-05-23 14:08:05,336: None
[DEBUG]2024-05-23 14:08:05,345: None
[DEBUG]2024-05-23 14:08:05,345: None
[DEBUG]2024-05-23 14:08:05,345: None
[DEBUG]2024-05-23 14:08:05,345: None
[DEBUG]2024-05-23 14:08:05,345: None
[DEBUG]2024-05-23 14:08:05,345: None
[DEBUG]2024-05-23 14:08:05,345: None
[DEBUG]2024-05-23 14:08:05,345: None
[DEBUG]2024-05-23 14:08:05,345: None
[DEBUG]2024-05-23 14:08:05,345: None
[DEBUG]2024-05-23 14:08:05,345: None
[DEBUG]2024-05-23 14:08:05,345: None
[DEBUG]2024-05-23 14:08:05,345: None
[DEBUG]2024-05-23 14:08:05,346: None
[DEBUG]2024-05-23 14:08:05,346: None
[DEBUG]2024-05-23 14:08:05,346: None
[DEBUG]2024-05-23 14:08:05,346: None
[DEBUG]2024-05-23 14:08:05,346: None
[DEBUG]2024-05-23 14:08:05,346: None
[DEBUG]2024-05-23 14:08:05,346: None
[DEBUG]2024-05-23 14:08:05,346: None
[DEBUG]2024-05-23 14:08:05,346: None
[DEBUG]2024-05-23 14:08:05,346: None
[DEBUG]2024-05-23 14:08:05,346: None
[DEBUG]2024-05-23 14:08:05,346: None
[DEBUG]2024-05-23 14:08:05,346: None
[DEBUG]2024-05-23 14:08:05,346: None
[DEBUG]2024-05-23 14:08:05,347: None
[DEBUG]2024-05-23 14:08:05,347: None
[DEBUG]2024-05-23 14:08:05,347: None
[DEBUG]2024-05-23 14:08:05,347: None
[DEBUG]2024-05-23 14:08:05,347: None
[DEBUG]2024-05-23 14:08:05,347: None
[DEBUG]2024-05-23 14:08:05,347: None
[DEBUG]2024-05-23 14:08:05,347: None
[DEBUG]2024-05-23 14:08:05,347: None
[DEBUG]2024-05-23 14:08:05,347: None
[DEBUG]2024-05-23 14:08:05,347: None
[DEBUG]2024-05-23 14:08:05,347: None
[DEBUG]2024-05-23 14:08:05,347: None
[DEBUG]2024-05-23 14:08:05,347: None
[DEBUG]2024-05-23 14:08:05,347: None
[DEBUG]2024-05-23 14:08:05,348: None
[DEBUG]2024-05-23 14:08:05,348: None
[DEBUG]2024-05-23 14:08:05,348: None
[DEBUG]2024-05-23 14:08:05,348: None
[DEBUG]2024-05-23 14:08:05,348: None
[DEBUG]2024-05-23 14:08:05,348: None
[DEBUG]2024-05-23 14:08:05,348: None
[DEBUG]2024-05-23 14:08:05,348: None
[DEBUG]2024-05-23 14:08:05,348: None
[DEBUG]2024-05-23 14:08:05,348: None
[DEBUG]2024-05-23 14:08:05,348: None
[DEBUG]2024-05-23 14:08:05,348: None
[DEBUG]2024-05-23 14:08:05,348: None
[DEBUG]2024-05-23 14:08:05,348: None
[DEBUG]2024-05-23 14:08:05,348: None
[DEBUG]2024-05-23 14:08:05,348: None
[DEBUG]2024-05-23 14:08:05,356: None
[DEBUG]2024-05-23 14:08:05,356: None
[DEBUG]2024-05-23 14:08:05,356: None
[DEBUG]2024-05-23 14:08:05,356: None
[DEBUG]2024-05-23 14:08:05,356: None
[DEBUG]2024-05-23 14:08:05,356: None
[DEBUG]2024-05-23 14:08:05,356: None
[DEBUG]2024-05-23 14:08:05,356: None
[DEBUG]2024-05-23 14:08:05,356: None
[DEBUG]2024-05-23 14:08:05,356: None
[DEBUG]2024-05-23 14:08:05,356: None
[DEBUG]2024-05-23 14:08:05,356: None
[DEBUG]2024-05-23 14:08:05,356: None
[DEBUG]2024-05-23 14:08:05,356: None
[DEBUG]2024-05-23 14:08:05,356: None
[DEBUG]2024-05-23 14:08:05,356: None
[DEBUG]2024-05-23 14:08:05,356: None
[DEBUG]2024-05-23 14:08:05,357: None
[DEBUG]2024-05-23 14:08:05,357: None
[DEBUG]2024-05-23 14:08:05,357: None
[DEBUG]2024-05-23 14:08:05,357: None
[DEBUG]2024-05-23 14:08:05,357: None
[DEBUG]2024-05-23 14:08:05,357: None
[DEBUG]2024-05-23 14:08:05,357: None
[DEBUG]2024-05-23 14:08:05,357: None
[DEBUG]2024-05-23 14:08:05,357: None
[DEBUG]2024-05-23 14:08:05,357: None
[DEBUG]2024-05-23 14:08:05,357: None
[DEBUG]2024-05-23 14:08:05,357: None
[DEBUG]2024-05-23 14:08:05,357: None
[DEBUG]2024-05-23 14:08:05,357: None
[DEBUG]2024-05-23 14:08:05,357: None
[DEBUG]2024-05-23 14:08:05,357: None
[DEBUG]2024-05-23 14:08:05,357: None
[DEBUG]2024-05-23 14:08:05,357: None
[DEBUG]2024-05-23 14:08:46,581: <re.Match object; span=(1088, 1823), match='typedef enum {\n    ES_NO_EVENT, ES_ERROR, /* use>
[DEBUG]2024-05-23 14:08:46,581: ['ES_NO_EVENT', 'ES_ERROR', 'ES_INIT', 'ES_ENTRY', 'ES_EXIT', 'ES_KEYINPUT', 'ES_LISTEVENTS', 'ES_TIMEOUT', 'ES_TIMERACTIVE', 'ES_TIMERSTOPPED', 'BATTERY_CONNECTED', 'BATTERY_DISCONNECTED', 'NUMBEROFEVENTS', 'TAPE_DETECTED', 'TAPE_NOT_DETECTED']
[DEBUG]2024-05-23 14:08:46,581: 
static const char *EventNames[] = {
	"ES_NO_EVENT",
	"ES_ERROR",
	"ES_INIT",
	"ES_ENTRY",
	"ES_EXIT",
	"ES_KEYINPUT",
	"ES_LISTEVENTS",
	"ES_TIMEOUT",
	"ES_TIMERACTIVE",
	"ES_TIMERSTOPPED",
	"BATTERY_CONNECTED",
	"BATTERY_DISCONNECTED",
	"NUMBEROFEVENTS",
	"TAPE_DETECTED",
	"TAPE_NOT_DETECTED",
};


[DEBUG]2024-05-23 14:08:46,583: None
[DEBUG]2024-05-23 14:08:46,583: None
[DEBUG]2024-05-23 14:08:46,584: None
[DEBUG]2024-05-23 14:08:46,584: None
[DEBUG]2024-05-23 14:08:46,584: None
[DEBUG]2024-05-23 14:08:46,585: None
[DEBUG]2024-05-23 14:08:46,585: None
[DEBUG]2024-05-23 14:08:46,585: None
[DEBUG]2024-05-23 14:08:46,585: None
[DEBUG]2024-05-23 14:08:46,586: None
[DEBUG]2024-05-23 14:08:46,586: None
[DEBUG]2024-05-23 14:08:46,586: None
[DEBUG]2024-05-23 14:08:46,586: None
[DEBUG]2024-05-23 14:08:46,586: None
[DEBUG]2024-05-23 14:08:46,587: None
[DEBUG]2024-05-23 14:08:46,587: None
[DEBUG]2024-05-23 14:08:46,587: None
[DEBUG]2024-05-23 14:08:46,587: None
[DEBUG]2024-05-23 14:08:46,587: None
[DEBUG]2024-05-23 14:08:46,587: None
[DEBUG]2024-05-23 14:08:46,587: None
[DEBUG]2024-05-23 14:08:46,587: None
[DEBUG]2024-05-23 14:08:46,587: None
[DEBUG]2024-05-23 14:08:46,587: None
[DEBUG]2024-05-23 14:08:46,587: None
[DEBUG]2024-05-23 14:08:46,587: None
[DEBUG]2024-05-23 14:08:46,587: None
[DEBUG]2024-05-23 14:08:46,588: None
[DEBUG]2024-05-23 14:08:46,588: None
[DEBUG]2024-05-23 14:08:46,588: None
[DEBUG]2024-05-23 14:08:46,588: None
[DEBUG]2024-05-23 14:08:46,588: None
[DEBUG]2024-05-23 14:08:46,588: None
[DEBUG]2024-05-23 14:08:46,588: None
[DEBUG]2024-05-23 14:08:46,588: None
[DEBUG]2024-05-23 14:08:46,589: None
[DEBUG]2024-05-23 14:08:46,589: None
[DEBUG]2024-05-23 14:08:46,589: None
[DEBUG]2024-05-23 14:08:46,589: None
[DEBUG]2024-05-23 14:08:46,589: None
[DEBUG]2024-05-23 14:08:46,589: None
[DEBUG]2024-05-23 14:08:46,589: None
[DEBUG]2024-05-23 14:08:46,589: None
[DEBUG]2024-05-23 14:08:46,589: None
[DEBUG]2024-05-23 14:08:46,590: None
[DEBUG]2024-05-23 14:08:46,590: None
[DEBUG]2024-05-23 14:08:46,590: None
[DEBUG]2024-05-23 14:08:46,590: None
[DEBUG]2024-05-23 14:08:46,590: None
[DEBUG]2024-05-23 14:08:46,590: None
[DEBUG]2024-05-23 14:08:46,590: None
[DEBUG]2024-05-23 14:08:46,590: None
[DEBUG]2024-05-23 14:08:46,590: None
[DEBUG]2024-05-23 14:08:46,590: None
[DEBUG]2024-05-23 14:08:46,591: None
[DEBUG]2024-05-23 14:08:46,591: None
[DEBUG]2024-05-23 14:08:46,591: None
[DEBUG]2024-05-23 14:08:46,591: None
[DEBUG]2024-05-23 14:08:46,591: None
[DEBUG]2024-05-23 14:08:46,591: None
[DEBUG]2024-05-23 14:08:46,591: None
[DEBUG]2024-05-23 14:08:46,591: None
[DEBUG]2024-05-23 14:08:46,591: None
[DEBUG]2024-05-23 14:08:46,591: None
[DEBUG]2024-05-23 14:08:46,591: None
[DEBUG]2024-05-23 14:08:46,592: None
[DEBUG]2024-05-23 14:08:46,592: None
[DEBUG]2024-05-23 14:08:46,592: None
[DEBUG]2024-05-23 14:08:46,592: None
[DEBUG]2024-05-23 14:08:46,592: None
[DEBUG]2024-05-23 14:08:46,592: None
[DEBUG]2024-05-23 14:08:46,592: None
[DEBUG]2024-05-23 14:08:46,592: None
[DEBUG]2024-05-23 14:08:46,592: None
[DEBUG]2024-05-23 14:08:46,592: None
[DEBUG]2024-05-23 14:08:46,592: None
[DEBUG]2024-05-23 14:08:46,592: None
[DEBUG]2024-05-23 14:08:46,594: None
[DEBUG]2024-05-23 14:08:46,594: None
[DEBUG]2024-05-23 14:08:46,594: None
[DEBUG]2024-05-23 14:08:46,594: None
[DEBUG]2024-05-23 14:08:46,594: None
[DEBUG]2024-05-23 14:08:46,594: None
[DEBUG]2024-05-23 14:08:46,594: None
[DEBUG]2024-05-23 14:08:46,594: None
[DEBUG]2024-05-23 14:08:46,594: None
[DEBUG]2024-05-23 14:08:46,594: None
[DEBUG]2024-05-23 14:08:46,594: None
[DEBUG]2024-05-23 14:08:46,594: None
[DEBUG]2024-05-23 14:08:46,594: None
[DEBUG]2024-05-23 14:08:46,595: None
[DEBUG]2024-05-23 14:08:46,595: None
[DEBUG]2024-05-23 14:08:46,595: None
[DEBUG]2024-05-23 14:08:46,595: None
[DEBUG]2024-05-23 14:08:46,595: None
[DEBUG]2024-05-23 14:08:46,595: None
[DEBUG]2024-05-23 14:08:46,595: None
[DEBUG]2024-05-23 14:08:46,595: None
[DEBUG]2024-05-23 14:08:46,595: None
[DEBUG]2024-05-23 14:08:46,595: None
[DEBUG]2024-05-23 14:08:46,595: None
[DEBUG]2024-05-23 14:08:46,595: None
[DEBUG]2024-05-23 14:08:46,595: None
[DEBUG]2024-05-23 14:08:46,595: None
[DEBUG]2024-05-23 14:08:46,596: None
[DEBUG]2024-05-23 14:08:46,596: None
[DEBUG]2024-05-23 14:08:46,596: None
[DEBUG]2024-05-23 14:08:46,596: None
[DEBUG]2024-05-23 14:08:46,596: None
[DEBUG]2024-05-23 14:08:46,596: None
[DEBUG]2024-05-23 14:08:46,596: None
[DEBUG]2024-05-23 14:08:46,596: None
[DEBUG]2024-05-23 14:08:46,596: None
[DEBUG]2024-05-23 14:08:46,596: None
[DEBUG]2024-05-23 14:08:46,596: None
[DEBUG]2024-05-23 14:08:46,596: None
[DEBUG]2024-05-23 14:08:46,596: None
[DEBUG]2024-05-23 14:08:46,596: None
[DEBUG]2024-05-23 14:08:46,596: None
[DEBUG]2024-05-23 14:08:46,597: None
[DEBUG]2024-05-23 14:08:46,597: None
[DEBUG]2024-05-23 14:08:46,597: None
[DEBUG]2024-05-23 14:08:46,597: None
[DEBUG]2024-05-23 14:08:46,597: None
[DEBUG]2024-05-23 14:08:46,597: None
[DEBUG]2024-05-23 14:08:46,597: None
[DEBUG]2024-05-23 14:08:46,597: None
[DEBUG]2024-05-23 14:08:46,597: None
[DEBUG]2024-05-23 14:08:46,597: None
[DEBUG]2024-05-23 14:08:46,597: None
[DEBUG]2024-05-23 14:08:46,597: None
[DEBUG]2024-05-23 14:08:46,597: None
[DEBUG]2024-05-23 14:08:46,597: None
[DEBUG]2024-05-23 14:08:46,597: None
[DEBUG]2024-05-23 14:08:46,597: None
[DEBUG]2024-05-23 14:08:46,599: None
[DEBUG]2024-05-23 14:08:46,599: None
[DEBUG]2024-05-23 14:08:46,599: None
[DEBUG]2024-05-23 14:08:46,599: None
[DEBUG]2024-05-23 14:08:46,599: None
[DEBUG]2024-05-23 14:08:46,599: None
[DEBUG]2024-05-23 14:08:46,599: None
[DEBUG]2024-05-23 14:08:46,599: None
[DEBUG]2024-05-23 14:08:46,599: None
[DEBUG]2024-05-23 14:08:46,599: None
[DEBUG]2024-05-23 14:08:46,599: None
[DEBUG]2024-05-23 14:08:46,599: None
[DEBUG]2024-05-23 14:08:46,599: None
[DEBUG]2024-05-23 14:08:46,599: None
[DEBUG]2024-05-23 14:08:46,599: None
[DEBUG]2024-05-23 14:08:46,599: None
[DEBUG]2024-05-23 14:08:46,599: None
[DEBUG]2024-05-23 14:08:46,600: None
[DEBUG]2024-05-23 14:08:46,600: None
[DEBUG]2024-05-23 14:08:46,600: None
[DEBUG]2024-05-23 14:08:46,600: None
[DEBUG]2024-05-23 14:08:46,600: None
[DEBUG]2024-05-23 14:08:46,600: None
[DEBUG]2024-05-23 14:08:46,600: None
[DEBUG]2024-05-23 14:08:46,600: None
[DEBUG]2024-05-23 14:08:46,600: None
[DEBUG]2024-05-23 14:08:46,600: None
[DEBUG]2024-05-23 14:08:46,600: None
[DEBUG]2024-05-23 14:08:46,600: None
[DEBUG]2024-05-23 14:08:46,600: None
[DEBUG]2024-05-23 14:08:46,600: None
[DEBUG]2024-05-23 14:08:46,600: None
[DEBUG]2024-05-23 14:08:46,600: None
[DEBUG]2024-05-23 14:08:46,600: None
[DEBUG]2024-05-23 14:08:46,600: None
[DEBUG]2024-05-23 14:09:29,628: <re.Match object; span=(1088, 1823), match='typedef enum {\n    ES_NO_EVENT, ES_ERROR, /* use>
[DEBUG]2024-05-23 14:09:29,628: ['ES_NO_EVENT', 'ES_ERROR', 'ES_INIT', 'ES_ENTRY', 'ES_EXIT', 'ES_KEYINPUT', 'ES_LISTEVENTS', 'ES_TIMEOUT', 'ES_TIMERACTIVE', 'ES_TIMERSTOPPED', 'BATTERY_CONNECTED', 'BATTERY_DISCONNECTED', 'NUMBEROFEVENTS', 'TAPE_DETECTED', 'TAPE_NOT_DETECTED']
[DEBUG]2024-05-23 14:09:29,628: 
static const char *EventNames[] = {
	"ES_NO_EVENT",
	"ES_ERROR",
	"ES_INIT",
	"ES_ENTRY",
	"ES_EXIT",
	"ES_KEYINPUT",
	"ES_LISTEVENTS",
	"ES_TIMEOUT",
	"ES_TIMERACTIVE",
	"ES_TIMERSTOPPED",
	"BATTERY_CONNECTED",
	"BATTERY_DISCONNECTED",
	"NUMBEROFEVENTS",
	"TAPE_DETECTED",
	"TAPE_NOT_DETECTED",
};


[DEBUG]2024-05-23 14:09:29,631: None
[DEBUG]2024-05-23 14:09:29,631: None
[DEBUG]2024-05-23 14:09:29,631: None
[DEBUG]2024-05-23 14:09:29,631: None
[DEBUG]2024-05-23 14:09:29,631: None
[DEBUG]2024-05-23 14:09:29,632: None
[DEBUG]2024-05-23 14:09:29,632: None
[DEBUG]2024-05-23 14:09:29,632: None
[DEBUG]2024-05-23 14:09:29,632: None
[DEBUG]2024-05-23 14:09:29,633: None
[DEBUG]2024-05-23 14:09:29,633: None
[DEBUG]2024-05-23 14:09:29,633: None
[DEBUG]2024-05-23 14:09:29,633: None
[DEBUG]2024-05-23 14:09:29,633: None
[DEBUG]2024-05-23 14:09:29,634: None
[DEBUG]2024-05-23 14:09:29,634: None
[DEBUG]2024-05-23 14:09:29,634: None
[DEBUG]2024-05-23 14:09:29,634: None
[DEBUG]2024-05-23 14:09:29,634: None
[DEBUG]2024-05-23 14:09:29,634: None
[DEBUG]2024-05-23 14:09:29,634: None
[DEBUG]2024-05-23 14:09:29,634: None
[DEBUG]2024-05-23 14:09:29,634: None
[DEBUG]2024-05-23 14:09:29,634: None
[DEBUG]2024-05-23 14:09:29,634: None
[DEBUG]2024-05-23 14:09:29,634: None
[DEBUG]2024-05-23 14:09:29,634: None
[DEBUG]2024-05-23 14:09:29,636: None
[DEBUG]2024-05-23 14:09:29,636: None
[DEBUG]2024-05-23 14:09:29,636: None
[DEBUG]2024-05-23 14:09:29,636: None
[DEBUG]2024-05-23 14:09:29,636: None
[DEBUG]2024-05-23 14:09:29,636: None
[DEBUG]2024-05-23 14:09:29,636: None
[DEBUG]2024-05-23 14:09:29,636: None
[DEBUG]2024-05-23 14:09:29,637: None
[DEBUG]2024-05-23 14:09:29,637: None
[DEBUG]2024-05-23 14:09:29,637: None
[DEBUG]2024-05-23 14:09:29,637: None
[DEBUG]2024-05-23 14:09:29,637: None
[DEBUG]2024-05-23 14:09:29,637: None
[DEBUG]2024-05-23 14:09:29,637: None
[DEBUG]2024-05-23 14:09:29,637: None
[DEBUG]2024-05-23 14:09:29,637: None
[DEBUG]2024-05-23 14:09:29,638: None
[DEBUG]2024-05-23 14:09:29,638: None
[DEBUG]2024-05-23 14:09:29,638: None
[DEBUG]2024-05-23 14:09:29,638: None
[DEBUG]2024-05-23 14:09:29,638: None
[DEBUG]2024-05-23 14:09:29,638: None
[DEBUG]2024-05-23 14:09:29,638: None
[DEBUG]2024-05-23 14:09:29,638: None
[DEBUG]2024-05-23 14:09:29,638: None
[DEBUG]2024-05-23 14:09:29,638: None
[DEBUG]2024-05-23 14:09:29,639: None
[DEBUG]2024-05-23 14:09:29,639: None
[DEBUG]2024-05-23 14:09:29,639: None
[DEBUG]2024-05-23 14:09:29,639: None
[DEBUG]2024-05-23 14:09:29,639: None
[DEBUG]2024-05-23 14:09:29,639: None
[DEBUG]2024-05-23 14:09:29,639: None
[DEBUG]2024-05-23 14:09:29,639: None
[DEBUG]2024-05-23 14:09:29,639: None
[DEBUG]2024-05-23 14:09:29,639: None
[DEBUG]2024-05-23 14:09:29,639: None
[DEBUG]2024-05-23 14:09:29,641: None
[DEBUG]2024-05-23 14:09:29,641: None
[DEBUG]2024-05-23 14:09:29,641: None
[DEBUG]2024-05-23 14:09:29,641: None
[DEBUG]2024-05-23 14:09:29,641: None
[DEBUG]2024-05-23 14:09:29,641: None
[DEBUG]2024-05-23 14:09:29,641: None
[DEBUG]2024-05-23 14:09:29,641: None
[DEBUG]2024-05-23 14:09:29,641: None
[DEBUG]2024-05-23 14:09:29,641: None
[DEBUG]2024-05-23 14:09:29,641: None
[DEBUG]2024-05-23 14:09:29,641: None
[DEBUG]2024-05-23 14:09:29,641: None
[DEBUG]2024-05-23 14:09:29,641: None
[DEBUG]2024-05-23 14:09:29,641: None
[DEBUG]2024-05-23 14:09:29,641: None
[DEBUG]2024-05-23 14:09:29,641: None
[DEBUG]2024-05-23 14:09:29,641: None
[DEBUG]2024-05-23 14:09:29,641: None
[DEBUG]2024-05-23 14:09:29,641: None
[DEBUG]2024-05-23 14:09:29,641: None
[DEBUG]2024-05-23 14:09:29,641: None
[DEBUG]2024-05-23 14:09:29,641: None
[DEBUG]2024-05-23 14:09:29,641: None
[DEBUG]2024-05-23 14:09:29,641: None
[DEBUG]2024-05-23 14:09:29,642: None
[DEBUG]2024-05-23 14:09:29,642: None
[DEBUG]2024-05-23 14:09:29,642: None
[DEBUG]2024-05-23 14:09:29,642: None
[DEBUG]2024-05-23 14:09:29,642: None
[DEBUG]2024-05-23 14:09:29,642: None
[DEBUG]2024-05-23 14:09:29,642: None
[DEBUG]2024-05-23 14:09:29,642: None
[DEBUG]2024-05-23 14:09:29,642: None
[DEBUG]2024-05-23 14:09:29,642: None
[DEBUG]2024-05-23 14:09:29,642: None
[DEBUG]2024-05-23 14:09:29,642: None
[DEBUG]2024-05-23 14:09:29,642: None
[DEBUG]2024-05-23 14:09:29,642: None
[DEBUG]2024-05-23 14:09:29,644: None
[DEBUG]2024-05-23 14:09:29,644: None
[DEBUG]2024-05-23 14:09:29,644: None
[DEBUG]2024-05-23 14:09:29,644: None
[DEBUG]2024-05-23 14:09:29,644: None
[DEBUG]2024-05-23 14:09:29,644: None
[DEBUG]2024-05-23 14:09:29,644: None
[DEBUG]2024-05-23 14:09:29,644: None
[DEBUG]2024-05-23 14:09:29,644: None
[DEBUG]2024-05-23 14:09:29,644: None
[DEBUG]2024-05-23 14:09:29,644: None
[DEBUG]2024-05-23 14:09:29,644: None
[DEBUG]2024-05-23 14:09:29,644: None
[DEBUG]2024-05-23 14:09:29,644: None
[DEBUG]2024-05-23 14:09:29,644: None
[DEBUG]2024-05-23 14:09:29,645: None
[DEBUG]2024-05-23 14:09:29,645: None
[DEBUG]2024-05-23 14:09:29,645: None
[DEBUG]2024-05-23 14:09:29,645: None
[DEBUG]2024-05-23 14:09:29,645: None
[DEBUG]2024-05-23 14:09:29,645: None
[DEBUG]2024-05-23 14:09:29,645: None
[DEBUG]2024-05-23 14:09:29,645: None
[DEBUG]2024-05-23 14:09:29,645: None
[DEBUG]2024-05-23 14:09:29,645: None
[DEBUG]2024-05-23 14:09:29,645: None
[DEBUG]2024-05-23 14:09:29,645: None
[DEBUG]2024-05-23 14:09:29,645: None
[DEBUG]2024-05-23 14:09:29,645: None
[DEBUG]2024-05-23 14:09:29,645: None
[DEBUG]2024-05-23 14:09:29,645: None
[DEBUG]2024-05-23 14:09:29,647: None
[DEBUG]2024-05-23 14:09:29,647: None
[DEBUG]2024-05-23 14:09:29,647: None
[DEBUG]2024-05-23 14:09:29,647: None
[DEBUG]2024-05-23 14:09:29,647: None
[DEBUG]2024-05-23 14:09:29,647: None
[DEBUG]2024-05-23 14:09:29,647: None
[DEBUG]2024-05-23 14:09:29,647: None
[DEBUG]2024-05-23 14:09:29,647: None
[DEBUG]2024-05-23 14:09:29,647: None
[DEBUG]2024-05-23 14:09:29,647: None
[DEBUG]2024-05-23 14:09:29,647: None
[DEBUG]2024-05-23 14:09:29,647: None
[DEBUG]2024-05-23 14:09:29,647: None
[DEBUG]2024-05-23 14:09:29,647: None
[DEBUG]2024-05-23 14:09:29,647: None
[DEBUG]2024-05-23 14:09:29,647: None
[DEBUG]2024-05-23 14:09:29,648: None
[DEBUG]2024-05-23 14:09:29,648: None
[DEBUG]2024-05-23 14:09:29,648: None
[DEBUG]2024-05-23 14:09:29,648: None
[DEBUG]2024-05-23 14:09:29,648: None
[DEBUG]2024-05-23 14:09:29,648: None
[DEBUG]2024-05-23 14:09:29,648: None
[DEBUG]2024-05-23 14:09:29,648: None
[DEBUG]2024-05-23 14:09:29,648: None
[DEBUG]2024-05-23 14:09:29,648: None
[DEBUG]2024-05-23 14:09:29,648: None
[DEBUG]2024-05-23 14:09:29,648: None
[DEBUG]2024-05-23 14:09:29,648: None
[DEBUG]2024-05-23 14:09:29,648: None
[DEBUG]2024-05-23 14:09:29,648: None
[DEBUG]2024-05-23 14:09:29,648: None
[DEBUG]2024-05-23 14:09:29,648: None
[DEBUG]2024-05-23 14:09:29,648: None
[DEBUG]2024-05-23 14:09:48,229: <re.Match object; span=(1088, 1823), match='typedef enum {\n    ES_NO_EVENT, ES_ERROR, /* use>
[DEBUG]2024-05-23 14:09:48,230: ['ES_NO_EVENT', 'ES_ERROR', 'ES_INIT', 'ES_ENTRY', 'ES_EXIT', 'ES_KEYINPUT', 'ES_LISTEVENTS', 'ES_TIMEOUT', 'ES_TIMERACTIVE', 'ES_TIMERSTOPPED', 'BATTERY_CONNECTED', 'BATTERY_DISCONNECTED', 'NUMBEROFEVENTS', 'TAPE_DETECTED', 'TAPE_NOT_DETECTED']
[DEBUG]2024-05-23 14:09:48,230: 
static const char *EventNames[] = {
	"ES_NO_EVENT",
	"ES_ERROR",
	"ES_INIT",
	"ES_ENTRY",
	"ES_EXIT",
	"ES_KEYINPUT",
	"ES_LISTEVENTS",
	"ES_TIMEOUT",
	"ES_TIMERACTIVE",
	"ES_TIMERSTOPPED",
	"BATTERY_CONNECTED",
	"BATTERY_DISCONNECTED",
	"NUMBEROFEVENTS",
	"TAPE_DETECTED",
	"TAPE_NOT_DETECTED",
};


[DEBUG]2024-05-23 14:09:48,231: None
[DEBUG]2024-05-23 14:09:48,231: None
[DEBUG]2024-05-23 14:09:48,232: None
[DEBUG]2024-05-23 14:09:48,232: None
[DEBUG]2024-05-23 14:09:48,232: None
[DEBUG]2024-05-23 14:09:48,233: None
[DEBUG]2024-05-23 14:09:48,233: None
[DEBUG]2024-05-23 14:09:48,233: None
[DEBUG]2024-05-23 14:09:48,233: None
[DEBUG]2024-05-23 14:09:48,234: None
[DEBUG]2024-05-23 14:09:48,234: None
[DEBUG]2024-05-23 14:09:48,234: None
[DEBUG]2024-05-23 14:09:48,234: None
[DEBUG]2024-05-23 14:09:48,234: None
[DEBUG]2024-05-23 14:09:48,234: None
[DEBUG]2024-05-23 14:09:48,234: None
[DEBUG]2024-05-23 14:09:48,234: None
[DEBUG]2024-05-23 14:09:48,234: None
[DEBUG]2024-05-23 14:09:48,234: None
[DEBUG]2024-05-23 14:09:48,234: None
[DEBUG]2024-05-23 14:09:48,235: None
[DEBUG]2024-05-23 14:09:48,235: None
[DEBUG]2024-05-23 14:09:48,235: None
[DEBUG]2024-05-23 14:09:48,235: None
[DEBUG]2024-05-23 14:09:48,235: None
[DEBUG]2024-05-23 14:09:48,235: None
[DEBUG]2024-05-23 14:09:48,235: None
[DEBUG]2024-05-23 14:09:48,236: None
[DEBUG]2024-05-23 14:09:48,236: None
[DEBUG]2024-05-23 14:09:48,236: None
[DEBUG]2024-05-23 14:09:48,236: None
[DEBUG]2024-05-23 14:09:48,236: None
[DEBUG]2024-05-23 14:09:48,236: None
[DEBUG]2024-05-23 14:09:48,236: None
[DEBUG]2024-05-23 14:09:48,236: None
[DEBUG]2024-05-23 14:09:48,237: None
[DEBUG]2024-05-23 14:09:48,237: None
[DEBUG]2024-05-23 14:09:48,237: None
[DEBUG]2024-05-23 14:09:48,237: None
[DEBUG]2024-05-23 14:09:48,237: None
[DEBUG]2024-05-23 14:09:48,237: None
[DEBUG]2024-05-23 14:09:48,237: None
[DEBUG]2024-05-23 14:09:48,237: None
[DEBUG]2024-05-23 14:09:48,237: None
[DEBUG]2024-05-23 14:09:48,239: None
[DEBUG]2024-05-23 14:09:48,239: None
[DEBUG]2024-05-23 14:09:48,239: None
[DEBUG]2024-05-23 14:09:48,239: None
[DEBUG]2024-05-23 14:09:48,239: None
[DEBUG]2024-05-23 14:09:48,239: None
[DEBUG]2024-05-23 14:09:48,239: None
[DEBUG]2024-05-23 14:09:48,239: None
[DEBUG]2024-05-23 14:09:48,239: None
[DEBUG]2024-05-23 14:09:48,239: None
[DEBUG]2024-05-23 14:09:48,240: None
[DEBUG]2024-05-23 14:09:48,240: None
[DEBUG]2024-05-23 14:09:48,240: None
[DEBUG]2024-05-23 14:09:48,240: None
[DEBUG]2024-05-23 14:09:48,240: None
[DEBUG]2024-05-23 14:09:48,240: None
[DEBUG]2024-05-23 14:09:48,240: None
[DEBUG]2024-05-23 14:09:48,240: None
[DEBUG]2024-05-23 14:09:48,240: None
[DEBUG]2024-05-23 14:09:48,240: None
[DEBUG]2024-05-23 14:09:48,240: None
[DEBUG]2024-05-23 14:09:48,241: None
[DEBUG]2024-05-23 14:09:48,241: None
[DEBUG]2024-05-23 14:09:48,241: None
[DEBUG]2024-05-23 14:09:48,241: None
[DEBUG]2024-05-23 14:09:48,241: None
[DEBUG]2024-05-23 14:09:48,241: None
[DEBUG]2024-05-23 14:09:48,241: None
[DEBUG]2024-05-23 14:09:48,241: None
[DEBUG]2024-05-23 14:09:48,241: None
[DEBUG]2024-05-23 14:09:48,241: None
[DEBUG]2024-05-23 14:09:48,241: None
[DEBUG]2024-05-23 14:09:48,241: None
[DEBUG]2024-05-23 14:09:48,242: None
[DEBUG]2024-05-23 14:09:48,242: None
[DEBUG]2024-05-23 14:09:48,242: None
[DEBUG]2024-05-23 14:09:48,242: None
[DEBUG]2024-05-23 14:09:48,242: None
[DEBUG]2024-05-23 14:09:48,242: None
[DEBUG]2024-05-23 14:09:48,242: None
[DEBUG]2024-05-23 14:09:48,242: None
[DEBUG]2024-05-23 14:09:48,242: None
[DEBUG]2024-05-23 14:09:48,242: None
[DEBUG]2024-05-23 14:09:48,242: None
[DEBUG]2024-05-23 14:09:48,242: None
[DEBUG]2024-05-23 14:09:48,242: None
[DEBUG]2024-05-23 14:09:48,243: None
[DEBUG]2024-05-23 14:09:48,243: None
[DEBUG]2024-05-23 14:09:48,243: None
[DEBUG]2024-05-23 14:09:48,243: None
[DEBUG]2024-05-23 14:09:48,243: None
[DEBUG]2024-05-23 14:09:48,243: None
[DEBUG]2024-05-23 14:09:48,243: None
[DEBUG]2024-05-23 14:09:48,243: None
[DEBUG]2024-05-23 14:09:48,243: None
[DEBUG]2024-05-23 14:09:48,243: None
[DEBUG]2024-05-23 14:09:48,243: None
[DEBUG]2024-05-23 14:09:48,243: None
[DEBUG]2024-05-23 14:09:48,243: None
[DEBUG]2024-05-23 14:09:48,243: None
[DEBUG]2024-05-23 14:09:48,244: None
[DEBUG]2024-05-23 14:09:48,244: None
[DEBUG]2024-05-23 14:09:48,244: None
[DEBUG]2024-05-23 14:09:48,244: None
[DEBUG]2024-05-23 14:09:48,244: None
[DEBUG]2024-05-23 14:09:48,244: None
[DEBUG]2024-05-23 14:09:48,244: None
[DEBUG]2024-05-23 14:09:48,244: None
[DEBUG]2024-05-23 14:09:48,244: None
[DEBUG]2024-05-23 14:09:48,244: None
[DEBUG]2024-05-23 14:09:48,244: None
[DEBUG]2024-05-23 14:09:48,244: None
[DEBUG]2024-05-23 14:09:48,244: None
[DEBUG]2024-05-23 14:09:48,244: None
[DEBUG]2024-05-23 14:09:48,244: None
[DEBUG]2024-05-23 14:09:48,245: None
[DEBUG]2024-05-23 14:09:48,245: None
[DEBUG]2024-05-23 14:09:48,245: None
[DEBUG]2024-05-23 14:09:48,245: None
[DEBUG]2024-05-23 14:09:48,245: None
[DEBUG]2024-05-23 14:09:48,245: None
[DEBUG]2024-05-23 14:09:48,245: None
[DEBUG]2024-05-23 14:09:48,245: None
[DEBUG]2024-05-23 14:09:48,245: None
[DEBUG]2024-05-23 14:09:48,245: None
[DEBUG]2024-05-23 14:09:48,245: None
[DEBUG]2024-05-23 14:09:48,245: None
[DEBUG]2024-05-23 14:09:48,245: None
[DEBUG]2024-05-23 14:09:48,245: None
[DEBUG]2024-05-23 14:09:48,245: None
[DEBUG]2024-05-23 14:09:48,245: None
[DEBUG]2024-05-23 14:09:48,247: None
[DEBUG]2024-05-23 14:09:48,247: None
[DEBUG]2024-05-23 14:09:48,247: None
[DEBUG]2024-05-23 14:09:48,247: None
[DEBUG]2024-05-23 14:09:48,247: None
[DEBUG]2024-05-23 14:09:48,247: None
[DEBUG]2024-05-23 14:09:48,247: None
[DEBUG]2024-05-23 14:09:48,247: None
[DEBUG]2024-05-23 14:09:48,247: None
[DEBUG]2024-05-23 14:09:48,247: None
[DEBUG]2024-05-23 14:09:48,247: None
[DEBUG]2024-05-23 14:09:48,247: None
[DEBUG]2024-05-23 14:09:48,247: None
[DEBUG]2024-05-23 14:09:48,247: None
[DEBUG]2024-05-23 14:09:48,247: None
[DEBUG]2024-05-23 14:09:48,247: None
[DEBUG]2024-05-23 14:09:48,247: None
[DEBUG]2024-05-23 14:09:48,248: None
[DEBUG]2024-05-23 14:09:48,248: None
[DEBUG]2024-05-23 14:09:48,248: None
[DEBUG]2024-05-23 14:09:48,248: None
[DEBUG]2024-05-23 14:09:48,248: None
[DEBUG]2024-05-23 14:09:48,248: None
[DEBUG]2024-05-23 14:09:48,248: None
[DEBUG]2024-05-23 14:09:48,248: None
[DEBUG]2024-05-23 14:09:48,248: None
[DEBUG]2024-05-23 14:09:48,248: None
[DEBUG]2024-05-23 14:09:48,248: None
[DEBUG]2024-05-23 14:09:48,248: None
[DEBUG]2024-05-23 14:09:48,248: None
[DEBUG]2024-05-23 14:09:48,248: None
[DEBUG]2024-05-23 14:09:48,248: None
[DEBUG]2024-05-23 14:09:48,248: None
[DEBUG]2024-05-23 14:09:48,248: None
[DEBUG]2024-05-23 14:09:48,248: None
